<?xml version="1.0" encoding="UTF-8"?>
<coverage generated="1536807820738" clover="3.2.0">
  <project timestamp="1536807820738" name="All files">
    <metrics statements="89" coveredstatements="37" conditionals="16" coveredconditionals="3" methods="39" coveredmethods="6" elements="144" coveredelements="46" complexity="0" loc="89" ncloc="89" packages="11" files="16" classes="16">
      <package name="ILA-PEP">
        <metrics statements="1" coveredstatements="1" conditionals="0" coveredconditionals="0" methods="0" coveredmethods="0"/>
        <file name="empty-module.js" path="C:\Users\Jason\Desktop\ilavpepv4\ILA-PEP\empty-module.js">
          <metrics statements="1" coveredstatements="1" conditionals="0" coveredconditionals="0" methods="0" coveredmethods="0"/>
          <line num="1" count="1" type="stmt"/>
        </file>
        <file name="store.js" path="C:\Users\Jason\Desktop\ilavpepv4\ILA-PEP\store.js">
          <metrics statements="0" coveredstatements="0" conditionals="0" coveredconditionals="0" methods="0" coveredmethods="0"/>
        </file>
      </package>
      <package name="ILA-PEP.src.actions">
        <metrics statements="4" coveredstatements="1" conditionals="1" coveredconditionals="0" methods="4" coveredmethods="1"/>
        <file name="pageAnimations.js" path="C:\Users\Jason\Desktop\ilavpepv4\ILA-PEP\src\actions\pageAnimations.js">
          <metrics statements="1" coveredstatements="0" conditionals="1" coveredconditionals="0" methods="1" coveredmethods="0"/>
          <line num="2" count="0" type="stmt"/>
        </file>
        <file name="studentDetailsAction.js" path="C:\Users\Jason\Desktop\ilavpepv4\ILA-PEP\src\actions\studentDetailsAction.js">
          <metrics statements="1" coveredstatements="0" conditionals="0" coveredconditionals="0" methods="1" coveredmethods="0"/>
          <line num="2" count="0" type="stmt"/>
        </file>
        <file name="userActions.js" path="C:\Users\Jason\Desktop\ilavpepv4\ILA-PEP\src\actions\userActions.js">
          <metrics statements="2" coveredstatements="1" conditionals="0" coveredconditionals="0" methods="2" coveredmethods="1"/>
          <line num="2" count="0" type="stmt"/>
          <line num="9" count="1" type="stmt"/>
        </file>
      </package>
      <package name="ILA-PEP.src.components">
        <metrics statements="2" coveredstatements="1" conditionals="0" coveredconditionals="0" methods="1" coveredmethods="0"/>
        <file name="User.jsx" path="C:\Users\Jason\Desktop\ilavpepv4\ILA-PEP\src\components\User.jsx">
          <metrics statements="2" coveredstatements="1" conditionals="0" coveredconditionals="0" methods="1" coveredmethods="0"/>
          <line num="3" count="1" type="stmt"/>
          <line num="4" count="0" type="stmt"/>
        </file>
      </package>
      <package name="ILA-PEP.src.components.About">
        <metrics statements="3" coveredstatements="2" conditionals="0" coveredconditionals="0" methods="2" coveredmethods="1"/>
        <file name="About.jsx" path="C:\Users\Jason\Desktop\ilavpepv4\ILA-PEP\src\components\About\About.jsx">
          <metrics statements="3" coveredstatements="2" conditionals="0" coveredconditionals="0" methods="2" coveredmethods="1"/>
          <line num="3" count="2" type="stmt"/>
          <line num="4" count="1" type="stmt"/>
          <line num="12" count="0" type="stmt"/>
        </file>
      </package>
      <package name="ILA-PEP.src.components.Header">
        <metrics statements="12" coveredstatements="7" conditionals="0" coveredconditionals="0" methods="5" coveredmethods="0"/>
        <file name="Header.jsx" path="C:\Users\Jason\Desktop\ilavpepv4\ILA-PEP\src\components\Header\Header.jsx">
          <metrics statements="12" coveredstatements="7" conditionals="0" coveredconditionals="0" methods="5" coveredmethods="0"/>
          <line num="8" count="2" type="stmt"/>
          <line num="17" count="2" type="stmt"/>
          <line num="23" count="2" type="stmt"/>
          <line num="26" count="2" type="stmt"/>
          <line num="28" count="2" type="stmt"/>
          <line num="36" count="0" type="stmt"/>
          <line num="39" count="0" type="stmt"/>
          <line num="57" count="2" type="stmt"/>
          <line num="58" count="0" type="stmt"/>
          <line num="63" count="2" type="stmt"/>
          <line num="64" count="0" type="stmt"/>
          <line num="65" count="0" type="stmt"/>
        </file>
      </package>
      <package name="ILA-PEP.src.components.Home">
        <metrics statements="2" coveredstatements="2" conditionals="0" coveredconditionals="0" methods="1" coveredmethods="1"/>
        <file name="Home.jsx" path="C:\Users\Jason\Desktop\ilavpepv4\ILA-PEP\src\components\Home\Home.jsx">
          <metrics statements="2" coveredstatements="2" conditionals="0" coveredconditionals="0" methods="1" coveredmethods="1"/>
          <line num="3" count="2" type="stmt"/>
          <line num="4" count="1" type="stmt"/>
        </file>
      </package>
      <package name="ILA-PEP.src.components.LoadingBar">
        <metrics statements="9" coveredstatements="4" conditionals="2" coveredconditionals="0" methods="3" coveredmethods="0"/>
        <file name="LoadingBar.jsx" path="C:\Users\Jason\Desktop\ilavpepv4\ILA-PEP\src\components\LoadingBar\LoadingBar.jsx">
          <metrics statements="9" coveredstatements="4" conditionals="2" coveredconditionals="0" methods="3" coveredmethods="0"/>
          <line num="5" count="1" type="stmt"/>
          <line num="18" count="1" type="stmt"/>
          <line num="26" count="1" type="stmt"/>
          <line num="51" count="0" type="stmt"/>
          <line num="54" count="0" type="cond" truecount="0" falsecount="2"/>
          <line num="55" count="0" type="stmt"/>
          <line num="62" count="0" type="stmt"/>
          <line num="68" count="1" type="stmt"/>
          <line num="69" count="0" type="stmt"/>
        </file>
      </package>
      <package name="ILA-PEP.src.components.Search">
        <metrics statements="15" coveredstatements="3" conditionals="2" coveredconditionals="0" methods="7" coveredmethods="0"/>
        <file name="Search.jsx" path="C:\Users\Jason\Desktop\ilavpepv4\ILA-PEP\src\components\Search\Search.jsx">
          <metrics statements="15" coveredstatements="3" conditionals="2" coveredconditionals="0" methods="7" coveredmethods="0"/>
          <line num="9" count="3" type="stmt"/>
          <line num="28" count="0" type="stmt"/>
          <line num="31" count="0" type="stmt"/>
          <line num="34" count="0" type="cond" truecount="0" falsecount="2"/>
          <line num="35" count="0" type="stmt"/>
          <line num="36" count="0" type="stmt"/>
          <line num="37" count="0" type="stmt"/>
          <line num="38" count="0" type="stmt"/>
          <line num="39" count="0" type="stmt"/>
          <line num="51" count="3" type="stmt"/>
          <line num="52" count="0" type="stmt"/>
          <line num="58" count="3" type="stmt"/>
          <line num="59" count="0" type="stmt"/>
          <line num="60" count="0" type="stmt"/>
          <line num="61" count="0" type="stmt"/>
        </file>
      </package>
      <package name="ILA-PEP.src.components.SideMenu">
        <metrics statements="16" coveredstatements="5" conditionals="4" coveredconditionals="0" methods="7" coveredmethods="0"/>
        <file name="SideMenu.jsx" path="C:\Users\Jason\Desktop\ilavpepv4\ILA-PEP\src\components\SideMenu\SideMenu.jsx">
          <metrics statements="16" coveredstatements="5" conditionals="4" coveredconditionals="0" methods="7" coveredmethods="0"/>
          <line num="5" count="2" type="stmt"/>
          <line num="16" count="2" type="stmt"/>
          <line num="22" count="2" type="stmt"/>
          <line num="29" count="2" type="stmt"/>
          <line num="36" count="2" type="stmt"/>
          <line num="42" count="0" type="stmt"/>
          <line num="43" count="0" type="stmt"/>
          <line num="49" count="0" type="stmt"/>
          <line num="53" count="0" type="cond" truecount="0" falsecount="2"/>
          <line num="54" count="0" type="stmt"/>
          <line num="62" count="0" type="cond" truecount="0" falsecount="2"/>
          <line num="63" count="0" type="stmt"/>
          <line num="66" count="0" type="stmt"/>
          <line num="69" count="0" type="stmt"/>
          <line num="72" count="0" type="stmt"/>
          <line num="78" count="0" type="stmt"/>
        </file>
      </package>
      <package name="ILA-PEP.src.containers">
        <metrics statements="8" coveredstatements="2" conditionals="0" coveredconditionals="0" methods="6" coveredmethods="0"/>
        <file name="App.js" path="C:\Users\Jason\Desktop\ilavpepv4\ILA-PEP\src\containers\App.js">
          <metrics statements="8" coveredstatements="2" conditionals="0" coveredconditionals="0" methods="6" coveredmethods="0"/>
          <line num="23" count="0" type="stmt"/>
          <line num="31" count="0" type="stmt"/>
          <line num="32" count="0" type="stmt"/>
          <line num="43" count="1" type="stmt"/>
          <line num="44" count="0" type="stmt"/>
          <line num="50" count="1" type="stmt"/>
          <line num="51" count="0" type="stmt"/>
          <line num="52" count="0" type="stmt"/>
        </file>
      </package>
      <package name="ILA-PEP.src.reducers">
        <metrics statements="17" coveredstatements="9" conditionals="7" coveredconditionals="3" methods="3" coveredmethods="3"/>
        <file name="pageAnimations.js" path="C:\Users\Jason\Desktop\ilavpepv4\ILA-PEP\src\reducers\pageAnimations.js">
          <metrics statements="5" coveredstatements="3" conditionals="2" coveredconditionals="1" methods="1" coveredmethods="1"/>
          <line num="1" count="4" type="cond" truecount="1" falsecount="0"/>
          <line num="5" count="12" type="cond" truecount="0" falsecount="1"/>
          <line num="7" count="0" type="stmt"/>
          <line num="12" count="0" type="stmt"/>
          <line num="14" count="12" type="stmt"/>
        </file>
        <file name="studentDetailsReducer.js" path="C:\Users\Jason\Desktop\ilavpepv4\ILA-PEP\src\reducers\studentDetailsReducer.js">
          <metrics statements="5" coveredstatements="3" conditionals="2" coveredconditionals="1" methods="1" coveredmethods="1"/>
          <line num="1" count="4" type="cond" truecount="1" falsecount="0"/>
          <line num="5" count="12" type="cond" truecount="0" falsecount="1"/>
          <line num="7" count="0" type="stmt"/>
          <line num="12" count="0" type="stmt"/>
          <line num="14" count="12" type="stmt"/>
        </file>
        <file name="userReducer.js" path="C:\Users\Jason\Desktop\ilavpepv4\ILA-PEP\src\reducers\userReducer.js">
          <metrics statements="7" coveredstatements="3" conditionals="3" coveredconditionals="1" methods="1" coveredmethods="1"/>
          <line num="1" count="4" type="cond" truecount="1" falsecount="0"/>
          <line num="5" count="12" type="cond" truecount="0" falsecount="2"/>
          <line num="7" count="0" type="stmt"/>
          <line num="10" count="0" type="stmt"/>
          <line num="12" count="0" type="stmt"/>
          <line num="15" count="0" type="stmt"/>
          <line num="17" count="12" type="stmt"/>
        </file>
      </package>
    </metrics>
  </project>
</coverage>
