{"C:\\Users\\Jason\\Desktop\\ilavpepv4\\ILA-PEP\\empty-module.js": {"path":"C:\\Users\\Jason\\Desktop\\ilavpepv4\\ILA-PEP\\empty-module.js","statementMap":{"0":{"start":{"line":1,"column":0},"end":{"line":1,"column":19}}},"fnMap":{},"branchMap":{},"s":{"0":1},"f":{},"b":{},"_coverageSchema":"332fd63041d2c1bcb487cc26dd0d5f7d97098a6c","hash":"9afc4e69ae886644a010cfe491ec01a9f32fdb73"}
,"C:\\Users\\Jason\\Desktop\\ilavpepv4\\ILA-PEP\\store.js": {"path":"C:\\Users\\Jason\\Desktop\\ilavpepv4\\ILA-PEP\\store.js","statementMap":{},"fnMap":{},"branchMap":{},"s":{},"f":{},"b":{},"_coverageSchema":"332fd63041d2c1bcb487cc26dd0d5f7d97098a6c","hash":"c77878a50783e66ad044dfcaab3a7ff52e6a39fe"}
,"C:\\Users\\Jason\\Desktop\\ilavpepv4\\ILA-PEP\\src\\actions\\pageAnimations.js": {"path":"C:\\Users\\Jason\\Desktop\\ilavpepv4\\ILA-PEP\\src\\actions\\pageAnimations.js","statementMap":{"0":{"start":{"line":2,"column":4},"end":{"line":5,"column":6}}},"fnMap":{"0":{"name":"showLoadingBar","decl":{"start":{"line":1,"column":16},"end":{"line":1,"column":30}},"loc":{"start":{"line":1,"column":48},"end":{"line":6,"column":1}},"line":1}},"branchMap":{"0":{"loc":{"start":{"line":1,"column":31},"end":{"line":1,"column":46}},"type":"default-arg","locations":[{"start":{"line":1,"column":41},"end":{"line":1,"column":46}}],"line":1}},"s":{"0":0},"f":{"0":0},"b":{"0":[0]},"_coverageSchema":"332fd63041d2c1bcb487cc26dd0d5f7d97098a6c","hash":"52cbf8e5e522cc72b68a5cd43bac33ef6dda4b91"}
,"C:\\Users\\Jason\\Desktop\\ilavpepv4\\ILA-PEP\\src\\actions\\studentDetailsAction.js": {"path":"C:\\Users\\Jason\\Desktop\\ilavpepv4\\ILA-PEP\\src\\actions\\studentDetailsAction.js","statementMap":{"0":{"start":{"line":2,"column":4},"end":{"line":5,"column":6}}},"fnMap":{"0":{"name":"addStudentId","decl":{"start":{"line":1,"column":16},"end":{"line":1,"column":28}},"loc":{"start":{"line":1,"column":37},"end":{"line":6,"column":1}},"line":1}},"branchMap":{},"s":{"0":0},"f":{"0":0},"b":{},"_coverageSchema":"332fd63041d2c1bcb487cc26dd0d5f7d97098a6c","hash":"78f5e4a41bafef8b036237a296bd1bf047af7c5b"}
,"C:\\Users\\Jason\\Desktop\\ilavpepv4\\ILA-PEP\\src\\actions\\userActions.js": {"path":"C:\\Users\\Jason\\Desktop\\ilavpepv4\\ILA-PEP\\src\\actions\\userActions.js","statementMap":{"0":{"start":{"line":2,"column":4},"end":{"line":5,"column":6}},"1":{"start":{"line":9,"column":4},"end":{"line":12,"column":6}}},"fnMap":{"0":{"name":"setName","decl":{"start":{"line":1,"column":16},"end":{"line":1,"column":23}},"loc":{"start":{"line":1,"column":30},"end":{"line":6,"column":1}},"line":1},"1":{"name":"setAge","decl":{"start":{"line":8,"column":16},"end":{"line":8,"column":22}},"loc":{"start":{"line":8,"column":28},"end":{"line":13,"column":1}},"line":8}},"branchMap":{},"s":{"0":0,"1":1},"f":{"0":0,"1":1},"b":{},"_coverageSchema":"332fd63041d2c1bcb487cc26dd0d5f7d97098a6c","hash":"f49c2910e3cfb318d43e1f7e7f32ecf1e96c615f"}
,"C:\\Users\\Jason\\Desktop\\ilavpepv4\\ILA-PEP\\src\\components\\User.jsx": {"path":"C:\\Users\\Jason\\Desktop\\ilavpepv4\\ILA-PEP\\src\\components\\User.jsx","statementMap":{"0":{"start":{"line":3,"column":20},"end":{"line":10,"column":1}},"1":{"start":{"line":4,"column":4},"end":{"line":9,"column":6}}},"fnMap":{"0":{"name":"(anonymous_0)","decl":{"start":{"line":3,"column":20},"end":{"line":3,"column":21}},"loc":{"start":{"line":3,"column":31},"end":{"line":10,"column":1}},"line":3}},"branchMap":{},"s":{"0":1,"1":0},"f":{"0":0},"b":{},"_coverageSchema":"332fd63041d2c1bcb487cc26dd0d5f7d97098a6c","hash":"82c87ba32b88e186347700a5ae777c4344c1703e"}
,"C:\\Users\\Jason\\Desktop\\ilavpepv4\\ILA-PEP\\src\\components\\About\\About.jsx": {"path":"C:\\Users\\Jason\\Desktop\\ilavpepv4\\ILA-PEP\\src\\components\\About\\About.jsx","statementMap":{"0":{"start":{"line":3,"column":21},"end":{"line":18,"column":1}},"1":{"start":{"line":4,"column":4},"end":{"line":17,"column":6}},"2":{"start":{"line":12,"column":39},"end":{"line":12,"column":67}}},"fnMap":{"0":{"name":"(anonymous_0)","decl":{"start":{"line":3,"column":21},"end":{"line":3,"column":22}},"loc":{"start":{"line":3,"column":32},"end":{"line":18,"column":1}},"line":3},"1":{"name":"(anonymous_1)","decl":{"start":{"line":12,"column":33},"end":{"line":12,"column":34}},"loc":{"start":{"line":12,"column":39},"end":{"line":12,"column":67}},"line":12}},"branchMap":{},"s":{"0":2,"1":1,"2":0},"f":{"0":1,"1":0},"b":{},"_coverageSchema":"332fd63041d2c1bcb487cc26dd0d5f7d97098a6c","hash":"7f104e4a1f6fb1e166c919b3de2c3a7919244f9d"}
,"C:\\Users\\Jason\\Desktop\\ilavpepv4\\ILA-PEP\\src\\components\\Header\\Header.jsx": {"path":"C:\\Users\\Jason\\Desktop\\ilavpepv4\\ILA-PEP\\src\\components\\Header\\Header.jsx","statementMap":{"0":{"start":{"line":8,"column":20},"end":{"line":15,"column":1}},"1":{"start":{"line":17,"column":13},"end":{"line":21,"column":1}},"2":{"start":{"line":23,"column":13},"end":{"line":25,"column":1}},"3":{"start":{"line":26,"column":16},"end":{"line":26,"column":2124}},"4":{"start":{"line":28,"column":19},"end":{"line":32,"column":1}},"5":{"start":{"line":36,"column":6},"end":{"line":36,"column":18}},"6":{"start":{"line":39,"column":4},"end":{"line":53,"column":6}},"7":{"start":{"line":57,"column":28},"end":{"line":61,"column":5}},"8":{"start":{"line":58,"column":6},"end":{"line":60,"column":8}},"9":{"start":{"line":63,"column":31},"end":{"line":68,"column":3}},"10":{"start":{"line":64,"column":6},"end":{"line":67,"column":6}},"11":{"start":{"line":65,"column":32},"end":{"line":65,"column":58}}},"fnMap":{"0":{"name":"(anonymous_0)","decl":{"start":{"line":35,"column":4},"end":{"line":35,"column":5}},"loc":{"start":{"line":35,"column":22},"end":{"line":37,"column":5}},"line":35},"1":{"name":"(anonymous_1)","decl":{"start":{"line":38,"column":4},"end":{"line":38,"column":5}},"loc":{"start":{"line":38,"column":12},"end":{"line":54,"column":3}},"line":38},"2":{"name":"(anonymous_2)","decl":{"start":{"line":57,"column":28},"end":{"line":57,"column":29}},"loc":{"start":{"line":57,"column":39},"end":{"line":61,"column":5}},"line":57},"3":{"name":"(anonymous_3)","decl":{"start":{"line":63,"column":31},"end":{"line":63,"column":32}},"loc":{"start":{"line":63,"column":45},"end":{"line":68,"column":3}},"line":63},"4":{"name":"(anonymous_4)","decl":{"start":{"line":65,"column":22},"end":{"line":65,"column":23}},"loc":{"start":{"line":65,"column":30},"end":{"line":65,"column":60}},"line":65}},"branchMap":{},"s":{"0":2,"1":2,"2":2,"3":2,"4":2,"5":0,"6":0,"7":2,"8":0,"9":2,"10":0,"11":0},"f":{"0":0,"1":0,"2":0,"3":0,"4":0},"b":{},"_coverageSchema":"332fd63041d2c1bcb487cc26dd0d5f7d97098a6c","hash":"e45f68b7dcefa740c20c0d9c7190d7287b99b9b9"}
,"C:\\Users\\Jason\\Desktop\\ilavpepv4\\ILA-PEP\\src\\components\\Home\\Home.jsx": {"path":"C:\\Users\\Jason\\Desktop\\ilavpepv4\\ILA-PEP\\src\\components\\Home\\Home.jsx","statementMap":{"0":{"start":{"line":3,"column":20},"end":{"line":9,"column":1}},"1":{"start":{"line":4,"column":4},"end":{"line":8,"column":6}}},"fnMap":{"0":{"name":"(anonymous_0)","decl":{"start":{"line":3,"column":20},"end":{"line":3,"column":21}},"loc":{"start":{"line":3,"column":31},"end":{"line":9,"column":1}},"line":3}},"branchMap":{},"s":{"0":2,"1":1},"f":{"0":1},"b":{},"_coverageSchema":"332fd63041d2c1bcb487cc26dd0d5f7d97098a6c","hash":"654d083250a954c1ca34009789dbe65cc100dd04"}
,"C:\\Users\\Jason\\Desktop\\ilavpepv4\\ILA-PEP\\src\\components\\LoadingBar\\LoadingBar.jsx": {"path":"C:\\Users\\Jason\\Desktop\\ilavpepv4\\ILA-PEP\\src\\components\\LoadingBar\\LoadingBar.jsx","statementMap":{"0":{"start":{"line":5,"column":27},"end":{"line":16,"column":1}},"1":{"start":{"line":18,"column":16},"end":{"line":24,"column":1}},"2":{"start":{"line":26,"column":12},"end":{"line":47,"column":1}},"3":{"start":{"line":51,"column":4},"end":{"line":51,"column":11}},"4":{"start":{"line":54,"column":2},"end":{"line":63,"column":5}},"5":{"start":{"line":55,"column":4},"end":{"line":61,"column":3}},"6":{"start":{"line":62,"column":6},"end":{"line":62,"column":26}},"7":{"start":{"line":68,"column":24},"end":{"line":72,"column":1}},"8":{"start":{"line":69,"column":2},"end":{"line":71,"column":4}}},"fnMap":{"0":{"name":"(anonymous_0)","decl":{"start":{"line":50,"column":2},"end":{"line":50,"column":3}},"loc":{"start":{"line":50,"column":15},"end":{"line":52,"column":3}},"line":50},"1":{"name":"(anonymous_1)","decl":{"start":{"line":53,"column":2},"end":{"line":53,"column":3}},"loc":{"start":{"line":53,"column":10},"end":{"line":64,"column":3}},"line":53},"2":{"name":"(anonymous_2)","decl":{"start":{"line":68,"column":24},"end":{"line":68,"column":25}},"loc":{"start":{"line":68,"column":35},"end":{"line":72,"column":1}},"line":68}},"branchMap":{"0":{"loc":{"start":{"line":54,"column":2},"end":{"line":63,"column":5}},"type":"if","locations":[{"start":{"line":54,"column":2},"end":{"line":63,"column":5}},{"start":{"line":54,"column":2},"end":{"line":63,"column":5}}],"line":54}},"s":{"0":1,"1":1,"2":1,"3":0,"4":0,"5":0,"6":0,"7":1,"8":0},"f":{"0":0,"1":0,"2":0},"b":{"0":[0,0]},"_coverageSchema":"332fd63041d2c1bcb487cc26dd0d5f7d97098a6c","hash":"a6495f339a73e7b1b0f0c6b970e8435037847204"}
,"C:\\Users\\Jason\\Desktop\\ilavpepv4\\ILA-PEP\\src\\components\\Search\\Search.jsx": {"path":"C:\\Users\\Jason\\Desktop\\ilavpepv4\\ILA-PEP\\src\\components\\Search\\Search.jsx","statementMap":{"0":{"start":{"line":9,"column":20},"end":{"line":24,"column":1}},"1":{"start":{"line":28,"column":6},"end":{"line":28,"column":18}},"2":{"start":{"line":31,"column":4},"end":{"line":47,"column":6}},"3":{"start":{"line":34,"column":8},"end":{"line":41,"column":9}},"4":{"start":{"line":35,"column":10},"end":{"line":35,"column":49}},"5":{"start":{"line":36,"column":10},"end":{"line":36,"column":42}},"6":{"start":{"line":37,"column":10},"end":{"line":37,"column":30}},"7":{"start":{"line":38,"column":10},"end":{"line":38,"column":40}},"8":{"start":{"line":39,"column":10},"end":{"line":39,"column":66}},"9":{"start":{"line":51,"column":28},"end":{"line":56,"column":5}},"10":{"start":{"line":52,"column":6},"end":{"line":55,"column":8}},"11":{"start":{"line":58,"column":31},"end":{"line":64,"column":3}},"12":{"start":{"line":59,"column":6},"end":{"line":63,"column":6}},"13":{"start":{"line":60,"column":32},"end":{"line":60,"column":58}},"14":{"start":{"line":61,"column":38},"end":{"line":61,"column":70}}},"fnMap":{"0":{"name":"(anonymous_0)","decl":{"start":{"line":27,"column":4},"end":{"line":27,"column":5}},"loc":{"start":{"line":27,"column":22},"end":{"line":29,"column":5}},"line":27},"1":{"name":"(anonymous_1)","decl":{"start":{"line":30,"column":4},"end":{"line":30,"column":5}},"loc":{"start":{"line":30,"column":12},"end":{"line":48,"column":4}},"line":30},"2":{"name":"(anonymous_2)","decl":{"start":{"line":33,"column":26},"end":{"line":33,"column":27}},"loc":{"start":{"line":33,"column":32},"end":{"line":41,"column":10}},"line":33},"3":{"name":"(anonymous_3)","decl":{"start":{"line":51,"column":28},"end":{"line":51,"column":29}},"loc":{"start":{"line":51,"column":39},"end":{"line":56,"column":5}},"line":51},"4":{"name":"(anonymous_4)","decl":{"start":{"line":58,"column":31},"end":{"line":58,"column":32}},"loc":{"start":{"line":58,"column":45},"end":{"line":64,"column":3}},"line":58},"5":{"name":"(anonymous_5)","decl":{"start":{"line":60,"column":22},"end":{"line":60,"column":23}},"loc":{"start":{"line":60,"column":30},"end":{"line":60,"column":60}},"line":60},"6":{"name":"(anonymous_6)","decl":{"start":{"line":61,"column":24},"end":{"line":61,"column":25}},"loc":{"start":{"line":61,"column":36},"end":{"line":61,"column":72}},"line":61}},"branchMap":{"0":{"loc":{"start":{"line":34,"column":8},"end":{"line":41,"column":9}},"type":"if","locations":[{"start":{"line":34,"column":8},"end":{"line":41,"column":9}},{"start":{"line":34,"column":8},"end":{"line":41,"column":9}}],"line":34}},"s":{"0":3,"1":0,"2":0,"3":0,"4":0,"5":0,"6":0,"7":0,"8":0,"9":3,"10":0,"11":3,"12":0,"13":0,"14":0},"f":{"0":0,"1":0,"2":0,"3":0,"4":0,"5":0,"6":0},"b":{"0":[0,0]},"_coverageSchema":"332fd63041d2c1bcb487cc26dd0d5f7d97098a6c","hash":"7f08f944f2165ea3b78e56814ee79ec80417ad7c"}
,"C:\\Users\\Jason\\Desktop\\ilavpepv4\\ILA-PEP\\src\\components\\SideMenu\\SideMenu.jsx": {"path":"C:\\Users\\Jason\\Desktop\\ilavpepv4\\ILA-PEP\\src\\components\\SideMenu\\SideMenu.jsx","statementMap":{"0":{"start":{"line":5,"column":13},"end":{"line":14,"column":1}},"1":{"start":{"line":16,"column":19},"end":{"line":20,"column":1}},"2":{"start":{"line":22,"column":17},"end":{"line":27,"column":1}},"3":{"start":{"line":29,"column":19},"end":{"line":34,"column":1}},"4":{"start":{"line":36,"column":20},"end":{"line":38,"column":1}},"5":{"start":{"line":42,"column":8},"end":{"line":42,"column":20}},"6":{"start":{"line":43,"column":8},"end":{"line":45,"column":9}},"7":{"start":{"line":49,"column":7},"end":{"line":49,"column":50}},"8":{"start":{"line":53,"column":7},"end":{"line":55,"column":8}},"9":{"start":{"line":54,"column":9},"end":{"line":54,"column":51}},"10":{"start":{"line":62,"column":4},"end":{"line":77,"column":5}},"11":{"start":{"line":63,"column":4},"end":{"line":76,"column":6}},"12":{"start":{"line":66,"column":40},"end":{"line":66,"column":55}},"13":{"start":{"line":69,"column":41},"end":{"line":69,"column":56}},"14":{"start":{"line":72,"column":40},"end":{"line":72,"column":55}},"15":{"start":{"line":78,"column":4},"end":{"line":78,"column":24}}},"fnMap":{"0":{"name":"(anonymous_0)","decl":{"start":{"line":41,"column":4},"end":{"line":41,"column":5}},"loc":{"start":{"line":41,"column":22},"end":{"line":46,"column":5}},"line":41},"1":{"name":"(anonymous_1)","decl":{"start":{"line":48,"column":4},"end":{"line":48,"column":5}},"loc":{"start":{"line":48,"column":15},"end":{"line":50,"column":5}},"line":48},"2":{"name":"(anonymous_2)","decl":{"start":{"line":52,"column":4},"end":{"line":52,"column":5}},"loc":{"start":{"line":52,"column":23},"end":{"line":58,"column":5}},"line":52},"3":{"name":"(anonymous_3)","decl":{"start":{"line":61,"column":4},"end":{"line":61,"column":5}},"loc":{"start":{"line":61,"column":12},"end":{"line":79,"column":5}},"line":61},"4":{"name":"(anonymous_4)","decl":{"start":{"line":66,"column":34},"end":{"line":66,"column":35}},"loc":{"start":{"line":66,"column":40},"end":{"line":66,"column":55}},"line":66},"5":{"name":"(anonymous_5)","decl":{"start":{"line":69,"column":35},"end":{"line":69,"column":36}},"loc":{"start":{"line":69,"column":41},"end":{"line":69,"column":56}},"line":69},"6":{"name":"(anonymous_6)","decl":{"start":{"line":72,"column":34},"end":{"line":72,"column":35}},"loc":{"start":{"line":72,"column":40},"end":{"line":72,"column":55}},"line":72}},"branchMap":{"0":{"loc":{"start":{"line":53,"column":7},"end":{"line":55,"column":8}},"type":"if","locations":[{"start":{"line":53,"column":7},"end":{"line":55,"column":8}},{"start":{"line":53,"column":7},"end":{"line":55,"column":8}}],"line":53},"1":{"loc":{"start":{"line":62,"column":4},"end":{"line":77,"column":5}},"type":"if","locations":[{"start":{"line":62,"column":4},"end":{"line":77,"column":5}},{"start":{"line":62,"column":4},"end":{"line":77,"column":5}}],"line":62}},"s":{"0":2,"1":2,"2":2,"3":2,"4":2,"5":0,"6":0,"7":0,"8":0,"9":0,"10":0,"11":0,"12":0,"13":0,"14":0,"15":0},"f":{"0":0,"1":0,"2":0,"3":0,"4":0,"5":0,"6":0},"b":{"0":[0,0],"1":[0,0]},"_coverageSchema":"332fd63041d2c1bcb487cc26dd0d5f7d97098a6c","hash":"2a3a0eb8a1d12071059c11aebf6dd9f8ed2013fd"}
,"C:\\Users\\Jason\\Desktop\\ilavpepv4\\ILA-PEP\\src\\containers\\App.js": {"path":"C:\\Users\\Jason\\Desktop\\ilavpepv4\\ILA-PEP\\src\\containers\\App.js","statementMap":{"0":{"start":{"line":23,"column":3},"end":{"line":39,"column":5}},"1":{"start":{"line":31,"column":8},"end":{"line":33,"column":9}},"2":{"start":{"line":32,"column":38},"end":{"line":32,"column":64}},"3":{"start":{"line":43,"column":26},"end":{"line":48,"column":3}},"4":{"start":{"line":44,"column":3},"end":{"line":47,"column":5}},"5":{"start":{"line":50,"column":29},"end":{"line":54,"column":1}},"6":{"start":{"line":51,"column":3},"end":{"line":53,"column":4}},"7":{"start":{"line":52,"column":25},"end":{"line":52,"column":48}}},"fnMap":{"0":{"name":"(anonymous_0)","decl":{"start":{"line":22,"column":2},"end":{"line":22,"column":3}},"loc":{"start":{"line":22,"column":11},"end":{"line":40,"column":3}},"line":22},"1":{"name":"(anonymous_1)","decl":{"start":{"line":30,"column":15},"end":{"line":30,"column":16}},"loc":{"start":{"line":30,"column":20},"end":{"line":34,"column":8}},"line":30},"2":{"name":"(anonymous_2)","decl":{"start":{"line":32,"column":32},"end":{"line":32,"column":33}},"loc":{"start":{"line":32,"column":38},"end":{"line":32,"column":64}},"line":32},"3":{"name":"(anonymous_3)","decl":{"start":{"line":43,"column":26},"end":{"line":43,"column":27}},"loc":{"start":{"line":43,"column":37},"end":{"line":48,"column":3}},"line":43},"4":{"name":"(anonymous_4)","decl":{"start":{"line":50,"column":29},"end":{"line":50,"column":30}},"loc":{"start":{"line":50,"column":43},"end":{"line":54,"column":1}},"line":50},"5":{"name":"(anonymous_5)","decl":{"start":{"line":52,"column":13},"end":{"line":52,"column":14}},"loc":{"start":{"line":52,"column":23},"end":{"line":52,"column":50}},"line":52}},"branchMap":{},"s":{"0":0,"1":0,"2":0,"3":1,"4":0,"5":1,"6":0,"7":0},"f":{"0":0,"1":0,"2":0,"3":0,"4":0,"5":0},"b":{},"_coverageSchema":"332fd63041d2c1bcb487cc26dd0d5f7d97098a6c","hash":"2e2fd19919337dea597bfd47b65737dd289cdc1e"}
,"C:\\Users\\Jason\\Desktop\\ilavpepv4\\ILA-PEP\\src\\reducers\\pageAnimations.js": {"path":"C:\\Users\\Jason\\Desktop\\ilavpepv4\\ILA-PEP\\src\\reducers\\pageAnimations.js","statementMap":{"0":{"start":{"line":1,"column":23},"end":{"line":15,"column":1}},"1":{"start":{"line":5,"column":4},"end":{"line":13,"column":5}},"2":{"start":{"line":7,"column":12},"end":{"line":11,"column":13}},"3":{"start":{"line":12,"column":12},"end":{"line":12,"column":18}},"4":{"start":{"line":14,"column":4},"end":{"line":14,"column":17}}},"fnMap":{"0":{"name":"(anonymous_0)","decl":{"start":{"line":1,"column":23},"end":{"line":1,"column":24}},"loc":{"start":{"line":4,"column":14},"end":{"line":15,"column":1}},"line":4}},"branchMap":{"0":{"loc":{"start":{"line":1,"column":24},"end":{"line":4,"column":1}},"type":"default-arg","locations":[{"start":{"line":1,"column":32},"end":{"line":4,"column":1}}],"line":1},"1":{"loc":{"start":{"line":5,"column":4},"end":{"line":13,"column":5}},"type":"switch","locations":[{"start":{"line":6,"column":8},"end":{"line":12,"column":18}}],"line":5}},"s":{"0":4,"1":12,"2":0,"3":0,"4":12},"f":{"0":12},"b":{"0":[12],"1":[0]},"_coverageSchema":"332fd63041d2c1bcb487cc26dd0d5f7d97098a6c","hash":"b767671e403c5b34a3a3d95e9bcd455955a9ac63"}
,"C:\\Users\\Jason\\Desktop\\ilavpepv4\\ILA-PEP\\src\\reducers\\studentDetailsReducer.js": {"path":"C:\\Users\\Jason\\Desktop\\ilavpepv4\\ILA-PEP\\src\\reducers\\studentDetailsReducer.js","statementMap":{"0":{"start":{"line":1,"column":30},"end":{"line":15,"column":1}},"1":{"start":{"line":5,"column":4},"end":{"line":13,"column":5}},"2":{"start":{"line":7,"column":12},"end":{"line":11,"column":13}},"3":{"start":{"line":12,"column":12},"end":{"line":12,"column":18}},"4":{"start":{"line":14,"column":4},"end":{"line":14,"column":17}}},"fnMap":{"0":{"name":"(anonymous_0)","decl":{"start":{"line":1,"column":30},"end":{"line":1,"column":31}},"loc":{"start":{"line":4,"column":14},"end":{"line":15,"column":1}},"line":4}},"branchMap":{"0":{"loc":{"start":{"line":1,"column":31},"end":{"line":4,"column":1}},"type":"default-arg","locations":[{"start":{"line":1,"column":39},"end":{"line":4,"column":1}}],"line":1},"1":{"loc":{"start":{"line":5,"column":4},"end":{"line":13,"column":5}},"type":"switch","locations":[{"start":{"line":6,"column":8},"end":{"line":12,"column":18}}],"line":5}},"s":{"0":4,"1":12,"2":0,"3":0,"4":12},"f":{"0":12},"b":{"0":[12],"1":[0]},"_coverageSchema":"332fd63041d2c1bcb487cc26dd0d5f7d97098a6c","hash":"d9ff08c5f86b07616f415e80715a1758bfc82ae1"}
,"C:\\Users\\Jason\\Desktop\\ilavpepv4\\ILA-PEP\\src\\reducers\\userReducer.js": {"path":"C:\\Users\\Jason\\Desktop\\ilavpepv4\\ILA-PEP\\src\\reducers\\userReducer.js","statementMap":{"0":{"start":{"line":1,"column":20},"end":{"line":18,"column":1}},"1":{"start":{"line":5,"column":4},"end":{"line":16,"column":5}},"2":{"start":{"line":7,"column":12},"end":{"line":9,"column":15}},"3":{"start":{"line":10,"column":12},"end":{"line":10,"column":18}},"4":{"start":{"line":12,"column":12},"end":{"line":14,"column":15}},"5":{"start":{"line":15,"column":12},"end":{"line":15,"column":18}},"6":{"start":{"line":17,"column":4},"end":{"line":17,"column":17}}},"fnMap":{"0":{"name":"(anonymous_0)","decl":{"start":{"line":1,"column":20},"end":{"line":1,"column":21}},"loc":{"start":{"line":4,"column":14},"end":{"line":18,"column":1}},"line":4}},"branchMap":{"0":{"loc":{"start":{"line":1,"column":21},"end":{"line":4,"column":1}},"type":"default-arg","locations":[{"start":{"line":1,"column":29},"end":{"line":4,"column":1}}],"line":1},"1":{"loc":{"start":{"line":5,"column":4},"end":{"line":16,"column":5}},"type":"switch","locations":[{"start":{"line":6,"column":8},"end":{"line":10,"column":18}},{"start":{"line":11,"column":8},"end":{"line":15,"column":18}}],"line":5}},"s":{"0":4,"1":12,"2":0,"3":0,"4":0,"5":0,"6":12},"f":{"0":12},"b":{"0":[12],"1":[0,0]},"_coverageSchema":"332fd63041d2c1bcb487cc26dd0d5f7d97098a6c","hash":"8c2d48532c4e2a610aee330c7f51a9c40604396e"}
}
