{"C:\\Users\\Jason\\Desktop\\ilavpepv4\\ILA-PEP\\store.js": {"path":"C:\\Users\\Jason\\Desktop\\ilavpepv4\\ILA-PEP\\store.js","statementMap":{},"fnMap":{},"branchMap":{},"s":{},"f":{},"b":{},"_coverageSchema":"332fd63041d2c1bcb487cc26dd0d5f7d97098a6c","hash":"c77878a50783e66ad044dfcaab3a7ff52e6a39fe"}
,"C:\\Users\\Jason\\Desktop\\ilavpepv4\\ILA-PEP\\src\\actions\\pageAnimations.js": {"path":"C:\\Users\\Jason\\Desktop\\ilavpepv4\\ILA-PEP\\src\\actions\\pageAnimations.js","statementMap":{"0":{"start":{"line":2,"column":4},"end":{"line":5,"column":6}}},"fnMap":{"0":{"name":"showLoadingBar","decl":{"start":{"line":1,"column":16},"end":{"line":1,"column":30}},"loc":{"start":{"line":1,"column":48},"end":{"line":6,"column":1}},"line":1}},"branchMap":{"0":{"loc":{"start":{"line":1,"column":31},"end":{"line":1,"column":46}},"type":"default-arg","locations":[{"start":{"line":1,"column":41},"end":{"line":1,"column":46}}],"line":1}},"s":{"0":0},"f":{"0":0},"b":{"0":[0]},"_coverageSchema":"332fd63041d2c1bcb487cc26dd0d5f7d97098a6c","hash":"52cbf8e5e522cc72b68a5cd43bac33ef6dda4b91"}
,"C:\\Users\\Jason\\Desktop\\ilavpepv4\\ILA-PEP\\src\\actions\\studentDetailsAction.js": {"path":"C:\\Users\\Jason\\Desktop\\ilavpepv4\\ILA-PEP\\src\\actions\\studentDetailsAction.js","statementMap":{"0":{"start":{"line":2,"column":4},"end":{"line":5,"column":6}}},"fnMap":{"0":{"name":"addStudentId","decl":{"start":{"line":1,"column":16},"end":{"line":1,"column":28}},"loc":{"start":{"line":1,"column":37},"end":{"line":6,"column":1}},"line":1}},"branchMap":{},"s":{"0":0},"f":{"0":0},"b":{},"_coverageSchema":"332fd63041d2c1bcb487cc26dd0d5f7d97098a6c","hash":"78f5e4a41bafef8b036237a296bd1bf047af7c5b"}
,"C:\\Users\\Jason\\Desktop\\ilavpepv4\\ILA-PEP\\src\\components\\Search\\Search.jsx": {"path":"C:\\Users\\Jason\\Desktop\\ilavpepv4\\ILA-PEP\\src\\components\\Search\\Search.jsx","statementMap":{"0":{"start":{"line":9,"column":20},"end":{"line":24,"column":1}},"1":{"start":{"line":28,"column":6},"end":{"line":28,"column":18}},"2":{"start":{"line":31,"column":4},"end":{"line":47,"column":6}},"3":{"start":{"line":34,"column":8},"end":{"line":41,"column":9}},"4":{"start":{"line":35,"column":10},"end":{"line":35,"column":49}},"5":{"start":{"line":36,"column":10},"end":{"line":36,"column":42}},"6":{"start":{"line":37,"column":10},"end":{"line":37,"column":30}},"7":{"start":{"line":38,"column":10},"end":{"line":38,"column":40}},"8":{"start":{"line":39,"column":10},"end":{"line":39,"column":66}},"9":{"start":{"line":51,"column":28},"end":{"line":56,"column":5}},"10":{"start":{"line":52,"column":6},"end":{"line":55,"column":8}},"11":{"start":{"line":58,"column":31},"end":{"line":64,"column":3}},"12":{"start":{"line":59,"column":6},"end":{"line":63,"column":6}},"13":{"start":{"line":60,"column":32},"end":{"line":60,"column":58}},"14":{"start":{"line":61,"column":38},"end":{"line":61,"column":70}}},"fnMap":{"0":{"name":"(anonymous_0)","decl":{"start":{"line":27,"column":4},"end":{"line":27,"column":5}},"loc":{"start":{"line":27,"column":22},"end":{"line":29,"column":5}},"line":27},"1":{"name":"(anonymous_1)","decl":{"start":{"line":30,"column":4},"end":{"line":30,"column":5}},"loc":{"start":{"line":30,"column":12},"end":{"line":48,"column":4}},"line":30},"2":{"name":"(anonymous_2)","decl":{"start":{"line":33,"column":26},"end":{"line":33,"column":27}},"loc":{"start":{"line":33,"column":32},"end":{"line":41,"column":10}},"line":33},"3":{"name":"(anonymous_3)","decl":{"start":{"line":51,"column":28},"end":{"line":51,"column":29}},"loc":{"start":{"line":51,"column":39},"end":{"line":56,"column":5}},"line":51},"4":{"name":"(anonymous_4)","decl":{"start":{"line":58,"column":31},"end":{"line":58,"column":32}},"loc":{"start":{"line":58,"column":45},"end":{"line":64,"column":3}},"line":58},"5":{"name":"(anonymous_5)","decl":{"start":{"line":60,"column":22},"end":{"line":60,"column":23}},"loc":{"start":{"line":60,"column":30},"end":{"line":60,"column":60}},"line":60},"6":{"name":"(anonymous_6)","decl":{"start":{"line":61,"column":24},"end":{"line":61,"column":25}},"loc":{"start":{"line":61,"column":36},"end":{"line":61,"column":72}},"line":61}},"branchMap":{"0":{"loc":{"start":{"line":34,"column":8},"end":{"line":41,"column":9}},"type":"if","locations":[{"start":{"line":34,"column":8},"end":{"line":41,"column":9}},{"start":{"line":34,"column":8},"end":{"line":41,"column":9}}],"line":34}},"s":{"0":1,"1":0,"2":0,"3":0,"4":0,"5":0,"6":0,"7":0,"8":0,"9":1,"10":0,"11":1,"12":0,"13":0,"14":0},"f":{"0":0,"1":0,"2":0,"3":0,"4":0,"5":0,"6":0},"b":{"0":[0,0]},"_coverageSchema":"332fd63041d2c1bcb487cc26dd0d5f7d97098a6c","hash":"7f08f944f2165ea3b78e56814ee79ec80417ad7c"}
,"C:\\Users\\Jason\\Desktop\\ilavpepv4\\ILA-PEP\\src\\reducers\\pageAnimations.js": {"path":"C:\\Users\\Jason\\Desktop\\ilavpepv4\\ILA-PEP\\src\\reducers\\pageAnimations.js","statementMap":{"0":{"start":{"line":1,"column":23},"end":{"line":15,"column":1}},"1":{"start":{"line":5,"column":4},"end":{"line":13,"column":5}},"2":{"start":{"line":7,"column":12},"end":{"line":11,"column":13}},"3":{"start":{"line":12,"column":12},"end":{"line":12,"column":18}},"4":{"start":{"line":14,"column":4},"end":{"line":14,"column":17}}},"fnMap":{"0":{"name":"(anonymous_0)","decl":{"start":{"line":1,"column":23},"end":{"line":1,"column":24}},"loc":{"start":{"line":4,"column":14},"end":{"line":15,"column":1}},"line":4}},"branchMap":{"0":{"loc":{"start":{"line":1,"column":24},"end":{"line":4,"column":1}},"type":"default-arg","locations":[{"start":{"line":1,"column":32},"end":{"line":4,"column":1}}],"line":1},"1":{"loc":{"start":{"line":5,"column":4},"end":{"line":13,"column":5}},"type":"switch","locations":[{"start":{"line":6,"column":8},"end":{"line":12,"column":18}}],"line":5}},"s":{"0":1,"1":3,"2":0,"3":0,"4":3},"f":{"0":3},"b":{"0":[3],"1":[0]},"_coverageSchema":"332fd63041d2c1bcb487cc26dd0d5f7d97098a6c","hash":"b767671e403c5b34a3a3d95e9bcd455955a9ac63"}
,"C:\\Users\\Jason\\Desktop\\ilavpepv4\\ILA-PEP\\src\\reducers\\studentDetailsReducer.js": {"path":"C:\\Users\\Jason\\Desktop\\ilavpepv4\\ILA-PEP\\src\\reducers\\studentDetailsReducer.js","statementMap":{"0":{"start":{"line":1,"column":30},"end":{"line":15,"column":1}},"1":{"start":{"line":5,"column":4},"end":{"line":13,"column":5}},"2":{"start":{"line":7,"column":12},"end":{"line":11,"column":13}},"3":{"start":{"line":12,"column":12},"end":{"line":12,"column":18}},"4":{"start":{"line":14,"column":4},"end":{"line":14,"column":17}}},"fnMap":{"0":{"name":"(anonymous_0)","decl":{"start":{"line":1,"column":30},"end":{"line":1,"column":31}},"loc":{"start":{"line":4,"column":14},"end":{"line":15,"column":1}},"line":4}},"branchMap":{"0":{"loc":{"start":{"line":1,"column":31},"end":{"line":4,"column":1}},"type":"default-arg","locations":[{"start":{"line":1,"column":39},"end":{"line":4,"column":1}}],"line":1},"1":{"loc":{"start":{"line":5,"column":4},"end":{"line":13,"column":5}},"type":"switch","locations":[{"start":{"line":6,"column":8},"end":{"line":12,"column":18}}],"line":5}},"s":{"0":1,"1":3,"2":0,"3":0,"4":3},"f":{"0":3},"b":{"0":[3],"1":[0]},"_coverageSchema":"332fd63041d2c1bcb487cc26dd0d5f7d97098a6c","hash":"d9ff08c5f86b07616f415e80715a1758bfc82ae1"}
,"C:\\Users\\Jason\\Desktop\\ilavpepv4\\ILA-PEP\\src\\reducers\\userReducer.js": {"path":"C:\\Users\\Jason\\Desktop\\ilavpepv4\\ILA-PEP\\src\\reducers\\userReducer.js","statementMap":{"0":{"start":{"line":1,"column":20},"end":{"line":18,"column":1}},"1":{"start":{"line":5,"column":4},"end":{"line":16,"column":5}},"2":{"start":{"line":7,"column":12},"end":{"line":9,"column":15}},"3":{"start":{"line":10,"column":12},"end":{"line":10,"column":18}},"4":{"start":{"line":12,"column":12},"end":{"line":14,"column":15}},"5":{"start":{"line":15,"column":12},"end":{"line":15,"column":18}},"6":{"start":{"line":17,"column":4},"end":{"line":17,"column":17}}},"fnMap":{"0":{"name":"(anonymous_0)","decl":{"start":{"line":1,"column":20},"end":{"line":1,"column":21}},"loc":{"start":{"line":4,"column":14},"end":{"line":18,"column":1}},"line":4}},"branchMap":{"0":{"loc":{"start":{"line":1,"column":21},"end":{"line":4,"column":1}},"type":"default-arg","locations":[{"start":{"line":1,"column":29},"end":{"line":4,"column":1}}],"line":1},"1":{"loc":{"start":{"line":5,"column":4},"end":{"line":16,"column":5}},"type":"switch","locations":[{"start":{"line":6,"column":8},"end":{"line":10,"column":18}},{"start":{"line":11,"column":8},"end":{"line":15,"column":18}}],"line":5}},"s":{"0":1,"1":3,"2":0,"3":0,"4":0,"5":0,"6":3},"f":{"0":3},"b":{"0":[3],"1":[0,0]},"_coverageSchema":"332fd63041d2c1bcb487cc26dd0d5f7d97098a6c","hash":"8c2d48532c4e2a610aee330c7f51a9c40604396e"}
}
