TN:
SF:C:\Users\Jason\Desktop\ilavpepv4\ILA-PEP\store.js
FNF:0
FNH:0
LF:0
LH:0
BRF:0
BRH:0
end_of_record
TN:
SF:C:\Users\Jason\Desktop\ilavpepv4\ILA-PEP\src\actions\pageAnimations.js
FN:1,showLoadingBar
FNF:1
FNH:0
FNDA:0,showLoadingBar
DA:2,0
LF:1
LH:0
BRDA:1,0,0,0
BRF:1
BRH:0
end_of_record
TN:
SF:C:\Users\Jason\Desktop\ilavpepv4\ILA-PEP\src\actions\studentDetailsAction.js
FN:1,addStudentId
FNF:1
FNH:0
FNDA:0,addStudentId
DA:2,0
LF:1
LH:0
BRF:0
BRH:0
end_of_record
TN:
SF:C:\Users\Jason\Desktop\ilavpepv4\ILA-PEP\src\components\Search\Search.jsx
FN:27,(anonymous_0)
FN:30,(anonymous_1)
FN:33,(anonymous_2)
FN:51,(anonymous_3)
FN:58,(anonymous_4)
FN:60,(anonymous_5)
FN:61,(anonymous_6)
FNF:7
FNH:0
FNDA:0,(anonymous_0)
FNDA:0,(anonymous_1)
FNDA:0,(anonymous_2)
FNDA:0,(anonymous_3)
FNDA:0,(anonymous_4)
FNDA:0,(anonymous_5)
FNDA:0,(anonymous_6)
DA:9,1
DA:28,0
DA:31,0
DA:34,0
DA:35,0
DA:36,0
DA:37,0
DA:38,0
DA:39,0
DA:51,1
DA:52,0
DA:58,1
DA:59,0
DA:60,0
DA:61,0
LF:15
LH:3
BRDA:34,0,0,0
BRDA:34,0,1,0
BRF:2
BRH:0
end_of_record
TN:
SF:C:\Users\Jason\Desktop\ilavpepv4\ILA-PEP\src\reducers\pageAnimations.js
FN:1,(anonymous_0)
FNF:1
FNH:1
FNDA:3,(anonymous_0)
DA:1,1
DA:5,3
DA:7,0
DA:12,0
DA:14,3
LF:5
LH:3
BRDA:1,0,0,3
BRDA:5,1,0,0
BRF:2
BRH:1
end_of_record
TN:
SF:C:\Users\Jason\Desktop\ilavpepv4\ILA-PEP\src\reducers\studentDetailsReducer.js
FN:1,(anonymous_0)
FNF:1
FNH:1
FNDA:3,(anonymous_0)
DA:1,1
DA:5,3
DA:7,0
DA:12,0
DA:14,3
LF:5
LH:3
BRDA:1,0,0,3
BRDA:5,1,0,0
BRF:2
BRH:1
end_of_record
TN:
SF:C:\Users\Jason\Desktop\ilavpepv4\ILA-PEP\src\reducers\userReducer.js
FN:1,(anonymous_0)
FNF:1
FNH:1
FNDA:3,(anonymous_0)
DA:1,1
DA:5,3
DA:7,0
DA:10,0
DA:12,0
DA:15,0
DA:17,3
LF:7
LH:3
BRDA:1,0,0,3
BRDA:5,1,0,0
BRDA:5,1,1,0
BRF:3
BRH:1
end_of_record
